<?xml version="1.0" encoding="UTF-8"?>
<testsuite name="simpletest.TestPythagoras" tests="5" skipped="0" failures="0" errors="0" timestamp="2021-12-11T21:47:43" hostname="milky-way" time="0.049">
  <properties/>
  <testcase name="simple execution with invalid a" classname="simpletest.TestPythagoras" time="0.019"/>
  <testcase name="simple execution with invalid b" classname="simpletest.TestPythagoras" time="0.002"/>
  <testcase name="simple execution with valid numbers" classname="simpletest.TestPythagoras" time="0.003"/>
  <testcase name="simple execution with invalid a and b" classname="simpletest.TestPythagoras" time="0.002"/>
  <testcase name="simple execution with valid numbers (2)" classname="simpletest.TestPythagoras" time="0.002"/>
  <system-out><![CDATA[]]></system-out>
  <system-err><![CDATA[]]></system-err>
</testsuite>
