<?xml version="1.0" encoding="UTF-8"?>
<testsuite name="simpletest.TestPythagoras" tests="5" skipped="0" failures="0" errors="0" timestamp="2021-12-12T19:24:10" hostname="milky-way" time="0.036">
  <properties/>
  <testcase name="simple execution with invalid a" classname="simpletest.TestPythagoras" time="0.024"/>
  <testcase name="simple execution with invalid b" classname="simpletest.TestPythagoras" time="0.001"/>
  <testcase name="simple execution with valid numbers" classname="simpletest.TestPythagoras" time="0.003"/>
  <testcase name="simple execution with invalid a and b" classname="simpletest.TestPythagoras" time="0.001"/>
  <testcase name="simple execution with valid numbers (2)" classname="simpletest.TestPythagoras" time="0.001"/>
  <system-out><![CDATA[invalid a
invalid b
valid numbers
invalid a and b
valid numbers 2
]]></system-out>
  <system-err><![CDATA[]]></system-err>
</testsuite>
