<?xml version="1.0" encoding="UTF-8"?>
<testsuite name="TestPassageController" tests="2" skipped="0" failures="0" errors="0" timestamp="2021-12-11T18:54:57" hostname="milky-way" time="0.039">
  <properties/>
  <testcase name="get a valid certificate and allow passage" classname="TestPassageController" time="0.034"/>
  <testcase name="get an invalid certificate and allow passage" classname="TestPassageController" time="0.002"/>
  <system-out><![CDATA[]]></system-out>
  <system-err><![CDATA[]]></system-err>
</testsuite>
